<?xml version="1.0" encoding="UTF-8"?>
<!-- Generated by org.testng.reporters.JUnitReportReporter -->
<testsuite skipped="0" hostname="DESKTOP-2DPCQTH" name="com.DriverScript.AppTest" tests="1" failures="0" timestamp="06 Sep 2019 08:28:35 GMT" time="67.131" errors="0">
  <testcase name="startTest1" time="67.131" classname="com.DriverScript.AppTest"/>
</testsuite> <!-- com.DriverScript.AppTest -->
